In file included from [01m[K/home/noa/Documents/SLAM/ros2_ws/sllidar_ros2/./sdk/include/sl_lidar_cmd.h:36[m[K,
                 from [01m[K/home/noa/Documents/SLAM/ros2_ws/sllidar_ros2/./sdk/include/sl_lidar_driver.h:54[m[K,
                 from [01m[K/home/noa/Documents/SLAM/ros2_ws/sllidar_ros2/./sdk/include/sl_lidar.h:36[m[K,
                 from [01m[K/home/noa/Documents/SLAM/ros2_ws/sllidar_ros2/src/sllidar_node.cpp:38[m[K:
[01m[K/home/noa/Documents/SLAM/ros2_ws/sllidar_ros2/./sdk/include/sl_lidar_protocol.h:58:16:[m[K [01;35m[Kwarning: [m[KISO C++ forbids zero-size array â€˜[01m[Kdata[m[Kâ€™ [[01;35m[K-Wpedantic[m[K]
   58 |     sl_u8 data[[01;35m[K0[m[K];
      |                [01;35m[K^[m[K
In file included from [01m[K/home/noa/Documents/SLAM/ros2_ws/sllidar_ros2/./sdk/include/sl_lidar_driver.h:54[m[K,
                 from [01m[K/home/noa/Documents/SLAM/ros2_ws/sllidar_ros2/./sdk/include/sl_lidar.h:36[m[K,
                 from [01m[K/home/noa/Documents/SLAM/ros2_ws/sllidar_ros2/src/sllidar_node.cpp:38[m[K:
[01m[K/home/noa/Documents/SLAM/ros2_ws/sllidar_ros2/./sdk/include/sl_lidar_cmd.h:295:20:[m[K [01;35m[Kwarning: [m[KISO C++ forbids zero-size array â€˜[01m[Kpayload[m[Kâ€™ [[01;35m[K-Wpedantic[m[K]
  295 |     sl_u8  payload[[01;35m[K0[m[K];
      |                    [01;35m[K^[m[K
[01m[K/home/noa/Documents/SLAM/ros2_ws/sllidar_ros2/src/sllidar_node.cpp:[m[K In function â€˜[01m[Kint main(int, char**)[m[Kâ€™:
[01m[K/home/noa/Documents/SLAM/ros2_ws/sllidar_ros2/src/sllidar_node.cpp:472:2:[m[K [01;31m[Kerror: [m[Kâ€˜[01m[Kprint[m[Kâ€™ was not declared in this scope; did you mean â€˜[01m[Kprintf[m[Kâ€™?
  472 |  [01;31m[Kprint[m[K("start\n");
      |  [01;31m[K^~~~~[m[K
      |  [32m[Kprintf[m[K
[01m[K/home/noa/Documents/SLAM/ros2_ws/sllidar_ros2/src/sllidar_node.cpp:[m[K In member function â€˜[01m[Kbool SLlidarNode::checkSLLIDARHealth(sl::ILidarDriver*)[m[Kâ€™:
[01m[K/home/noa/Documents/SLAM/ros2_ws/sllidar_ros2/src/sllidar_node.cpp:147:5:[m[K [01;35m[Kwarning: [m[Kcontrol reaches end of non-void function [[01;35m[K-Wreturn-type[m[K]
  147 |     [01;35m[K}[m[K
      |     [01;35m[K^[m[K
make[2]: *** [CMakeFiles/sllidar_node.dir/build.make:63: CMakeFiles/sllidar_node.dir/src/sllidar_node.cpp.o] Error 1
make[1]: *** [CMakeFiles/Makefile2:80: CMakeFiles/sllidar_node.dir/all] Error 2
make: *** [Makefile:141: all] Error 2
